\BOOKMARK [0][-]{chapter.1}{The SARS-CoV-2 nucleocapsid protein is dynamic, disordered, and phase separates with RNA.}{}% 1
\BOOKMARK [1][-]{section.1.1}{Abstract}{chapter.1}% 2
\BOOKMARK [1][-]{section.1.2}{Introduction}{chapter.1}% 3
\BOOKMARK [1][-]{section.1.3}{Results}{chapter.1}% 4
\BOOKMARK [2][-]{subsection.1.3.1}{The NTD is disordered, flexible, and transiently interacts with the RBD.}{section.1.3}% 5
\BOOKMARK [2][-]{subsection.1.3.2}{The linker is highly dynamic and there is minimal interaction between the RBD and the dimerization domain.}{section.1.3}% 6
\BOOKMARK [2][-]{subsection.1.3.3}{The CTD engages in transient but non-negligible interactions with the dimerization domain.}{section.1.3}% 7
\BOOKMARK [2][-]{subsection.1.3.4}{N protein undergoes phase separation with RNA.}{section.1.3}% 8
\BOOKMARK [2][-]{subsection.1.3.5}{A simple polymer model shows symmetry-breaking can facilitate multiple metastable single-polymer condensates instead of a single multi-polymer condensate.}{section.1.3}% 9
\BOOKMARK [1][-]{section.1.4}{Discussion}{chapter.1}% 10
\BOOKMARK [2][-]{subsection.1.4.1}{All three IDRs are highly dynamic}{section.1.4}% 11
\BOOKMARK [2][-]{subsection.1.4.2}{Simulations identify multiple transient helices}{section.1.4}% 12
\BOOKMARK [2][-]{subsection.1.4.3}{The physiological relevance of nucleocapsid protein phase separation in SARS-CoV-2 physiology}{section.1.4}% 13
\BOOKMARK [2][-]{subsection.1.4.4}{The physics of single polymer condensates}{section.1.4}% 14
\BOOKMARK [1][-]{section.1.5}{Methods}{chapter.1}% 15
\BOOKMARK [2][-]{subsection.1.5.1}{All atom simulations}{section.1.5}% 16
\BOOKMARK [2][-]{subsection.1.5.2}{Coarse-grained Polymer Simulations}{section.1.5}% 17
\BOOKMARK [2][-]{subsection.1.5.3}{Protein Expression, purification, and labeling.}{section.1.5}% 18
\BOOKMARK [2][-]{subsection.1.5.4}{Single-molecule fluorescence spectroscopy.}{section.1.5}% 19
\BOOKMARK [1][-]{section.1.6}{Acknowledgements}{chapter.1}% 20
