This is pdfTeX, Version 3.14159265-2.6-1.40.21 (TeX Live 2020) (preloaded format=pdflatex 2020.4.7)  14 JUL 2020 16:36
entering extended mode
 restricted \write18 enabled.
 %&-line parsing enabled.
**ch2.tex
(./ch2.tex
LaTeX2e <2020-02-02> patch level 5
L3 programming layer <2020-03-06>
(/usr/local/texlive/2020/texmf-dist/tex/latex/subfiles/subfiles.cls
Document Class: subfiles 2020/02/14 v1.6 Multi-file projects (class)
Preamble taken from file `../main.tex'
(/usr/local/texlive/2020/texmf-dist/tex/latex/tools/verbatim.sty
Package: verbatim 2019/11/10 v1.5r LaTeX2e package for verbatim enhancements
\every@verbatim=\toks15
\verbatim@line=\toks16
\verbatim@in@stream=\read2
)
(/usr/local/texlive/2020/texmf-dist/tex/latex/import/import.sty
Package: import 2020/01/22  v 6.0
) (../main.tex
(/usr/local/texlive/2020/texmf-dist/tex/latex/base/book.cls
Document Class: book 2019/12/20 v1.4l Standard LaTeX document class
(/usr/local/texlive/2020/texmf-dist/tex/latex/base/bk10.clo
File: bk10.clo 2019/12/20 v1.4l Standard LaTeX file (size option)
)
\c@part=\count167
\c@chapter=\count168
\c@section=\count169
\c@subsection=\count170
\c@subsubsection=\count171
\c@paragraph=\count172
\c@subparagraph=\count173
\c@figure=\count174
\c@table=\count175
\abovecaptionskip=\skip47
\belowcaptionskip=\skip48
\bibindent=\dimen134
)
(/usr/local/texlive/2020/texmf-dist/tex/latex/base/inputenc.sty
Package: inputenc 2018/08/11 v1.3c Input encoding file
\inpenc@prehook=\toks17
\inpenc@posthook=\toks18
)
(/usr/local/texlive/2020/texmf-dist/tex/latex/preprint/fullpage.sty
Package: fullpage 1999/02/23 1.1 (PWD)
\FP@margin=\skip49
)
(/usr/local/texlive/2020/texmf-dist/tex/latex/setspace/setspace.sty
Package: setspace 2011/12/19 v6.7a set line spacing
)
(/usr/local/texlive/2020/texmf-dist/tex/latex/graphics/graphicx.sty
Package: graphicx 2019/11/30 v1.2a Enhanced LaTeX Graphics (DPC,SPQR)

(/usr/local/texlive/2020/texmf-dist/tex/latex/graphics/keyval.sty
Package: keyval 2014/10/28 v1.15 key=value parser (DPC)
\KV@toks@=\toks19
)
(/usr/local/texlive/2020/texmf-dist/tex/latex/graphics/graphics.sty
Package: graphics 2019/11/30 v1.4a Standard LaTeX Graphics (DPC,SPQR)

(/usr/local/texlive/2020/texmf-dist/tex/latex/graphics/trig.sty
Package: trig 2016/01/03 v1.10 sin cos tan (DPC)
)
(/usr/local/texlive/2020/texmf-dist/tex/latex/graphics-cfg/graphics.cfg
File: graphics.cfg 2016/06/04 v1.11 sample graphics configuration
)
Package graphics Info: Driver file: pdftex.def on input line 105.

(/usr/local/texlive/2020/texmf-dist/tex/latex/graphics-def/pdftex.def
File: pdftex.def 2018/01/08 v1.0l Graphics/color driver for pdftex
))
\Gin@req@height=\dimen135
\Gin@req@width=\dimen136
)
(/usr/local/texlive/2020/texmf-dist/tex/latex/amsfonts/amsfonts.sty
Package: amsfonts 2013/01/14 v3.01 Basic AMSFonts support
\@emptytoks=\toks20
\symAMSa=\mathgroup4
\symAMSb=\mathgroup5
LaTeX Font Info:    Redeclaring math symbol \hbar on input line 98.
LaTeX Font Info:    Overwriting math alphabet `\mathfrak' in version `bold'
(Font)                  U/euf/m/n --> U/euf/b/n on input line 106.
)
(/usr/local/texlive/2020/texmf-dist/tex/latex/amsfonts/amssymb.sty
Package: amssymb 2013/01/14 v3.01 AMS font symbols
)
(/usr/local/texlive/2020/texmf-dist/tex/latex/amsmath/amsmath.sty
Package: amsmath 2020/01/20 v2.17e AMS math features
\@mathmargin=\skip50

For additional information on amsmath, use the `?' option.
(/usr/local/texlive/2020/texmf-dist/tex/latex/amsmath/amstext.sty
Package: amstext 2000/06/29 v2.01 AMS text

(/usr/local/texlive/2020/texmf-dist/tex/latex/amsmath/amsgen.sty
File: amsgen.sty 1999/11/30 v2.0 generic functions
\@emptytoks=\toks21
\ex@=\dimen137
))
(/usr/local/texlive/2020/texmf-dist/tex/latex/amsmath/amsbsy.sty
Package: amsbsy 1999/11/29 v1.2d Bold Symbols
\pmbraise@=\dimen138
)
(/usr/local/texlive/2020/texmf-dist/tex/latex/amsmath/amsopn.sty
Package: amsopn 2016/03/08 v2.02 operator names
)
\inf@bad=\count176
LaTeX Info: Redefining \frac on input line 227.
\uproot@=\count177
\leftroot@=\count178
LaTeX Info: Redefining \overline on input line 389.
\classnum@=\count179
\DOTSCASE@=\count180
LaTeX Info: Redefining \ldots on input line 486.
LaTeX Info: Redefining \dots on input line 489.
LaTeX Info: Redefining \cdots on input line 610.
\Mathstrutbox@=\box45
\strutbox@=\box46
\big@size=\dimen139
LaTeX Font Info:    Redeclaring font encoding OML on input line 733.
LaTeX Font Info:    Redeclaring font encoding OMS on input line 734.
\macc@depth=\count181
\c@MaxMatrixCols=\count182
\dotsspace@=\muskip16
\c@parentequation=\count183
\dspbrk@lvl=\count184
\tag@help=\toks22
\row@=\count185
\column@=\count186
\maxfields@=\count187
\andhelp@=\toks23
\eqnshift@=\dimen140
\alignsep@=\dimen141
\tagshift@=\dimen142
\tagwidth@=\dimen143
\totwidth@=\dimen144
\lineht@=\dimen145
\@envbody=\toks24
\multlinegap=\skip51
\multlinetaggap=\skip52
\mathdisplay@stack=\toks25
LaTeX Info: Redefining \[ on input line 2859.
LaTeX Info: Redefining \] on input line 2860.
)
(/usr/local/texlive/2020/texmf-dist/tex/latex/tools/bm.sty
Package: bm 2019/07/24 v1.2d Bold Symbol Support (DPC/FMi)
\symboldoperators=\mathgroup6
\symboldletters=\mathgroup7
\symboldsymbols=\mathgroup8
LaTeX Font Info:    Redeclaring math alphabet \mathbf on input line 141.
LaTeX Info: Redefining \bm on input line 209.
)
(/usr/local/texlive/2020/texmf-dist/tex/latex/siunitx/siunitx.sty
(/usr/local/texlive/2020/texmf-dist/tex/latex/l3kernel/expl3.sty
Package: expl3 2020-03-06 L3 programming layer (loader) 

(/usr/local/texlive/2020/texmf-dist/tex/latex/l3backend/l3backend-pdfmode.def
File: l3backend-pdfmode.def 2020-03-12 L3 backend support: PDF mode
\l__kernel_color_stack_int=\count188
\l__pdf_internal_box=\box47
)) (/usr/local/texlive/2020/texmf-dist/tex/latex/l3packages/xparse/xparse.sty
Package: xparse 2020-03-06 L3 Experimental document command parser
\l__xparse_current_arg_int=\count189
\g__xparse_grabber_int=\count190
\l__xparse_m_args_int=\count191
\l__xparse_v_nesting_int=\count192
)
Package: siunitx 2020/02/25 v2.8b A comprehensive (SI) units package

(/usr/local/texlive/2020/texmf-dist/tex/latex/tools/array.sty
Package: array 2019/08/31 v2.4l Tabular extension package (FMi)
\col@sep=\dimen146
\ar@mcellbox=\box48
\extrarowheight=\dimen147
\NC@list=\toks26
\extratabsurround=\skip53
\backup@length=\skip54
\ar@cellbox=\box49
)
(/usr/local/texlive/2020/texmf-dist/tex/latex/l3packages/l3keys2e/l3keys2e.sty
Package: l3keys2e 2020-03-06 LaTeX2e option processing using LaTeX3 keys
)
\l__siunitx_tmp_box=\box50
\l__siunitx_tmp_dim=\dimen148
\l__siunitx_tmp_int=\count193
\l__siunitx_number_mantissa_length_int=\count194
\l__siunitx_number_uncert_length_int=\count195
\l__siunitx_round_int=\count196
\l__siunitx_process_decimal_int=\count197
\l__siunitx_process_uncertainty_int=\count198
\l__siunitx_process_fixed_int=\count199
\l__siunitx_process_integer_min_int=\count266
\l__siunitx_process_precision_int=\count267
\l__siunitx_group_min_int=\count268
\l__siunitx_angle_marker_box=\box51
\l__siunitx_angle_unit_box=\box52
\l__siunitx_angle_marker_dim=\dimen149
\l__siunitx_angle_unit_dim=\dimen150
\l__siunitx_unit_int=\count269
\l__siunitx_unit_denominator_int=\count270
\l__siunitx_unit_numerator_int=\count271
\l__siunitx_unit_prefix_int=\count272
\l__siunitx_unit_prefix_base_int=\count273
\l__siunitx_unit_prefix_gram_int=\count274
\l__siunitx_number_product_int=\count275
\c__siunitx_one_fill_skip=\skip55
\l__siunitx_table_unit_align_skip=\skip56
\l__siunitx_table_exponent_dim=\dimen151
\l__siunitx_table_integer_dim=\dimen152
\l__siunitx_table_mantissa_dim=\dimen153
\l__siunitx_table_marker_dim=\dimen154
\l__siunitx_table_result_dim=\dimen155
\l__siunitx_table_uncert_dim=\dimen156
\l__siunitx_table_fill_pre_dim=\dimen157
\l__siunitx_table_fill_post_dim=\dimen158
\l__siunitx_table_fill_mid_dim=\dimen159
\l__siunitx_table_pre_box=\box53
\l__siunitx_table_post_box=\box54
\l__siunitx_table_mantissa_box=\box55
\l__siunitx_table_result_box=\box56
\l__siunitx_table_number_align_skip=\skip57
\l__siunitx_table_text_align_skip=\skip58
(/usr/local/texlive/2020/texmf-dist/tex/latex/translator/translator.sty
Package: translator 2019-05-31 v1.12a Easy translation of strings in LaTeX
))
(/usr/local/texlive/2020/texmf-dist/tex/latex/psnfss/times.sty
Package: times 2005/04/12 PSNFSS-v9.2a (SPQR) 
)
(/usr/local/texlive/2020/texmf-dist/tex/latex/tools/fontsmpl.sty
Package: fontsmpl 1994/10/29 Font sample package
LaTeX Font Info:    Trying to load font information for OT1+pcr on input line 1
78.

(/usr/local/texlive/2020/texmf-dist/tex/latex/psnfss/ot1pcr.fd
File: ot1pcr.fd 2001/06/04 font definitions for OT1/pcr.
)

LaTeX Font Warning: Font shape `OT1/pcr/m/up' undefined
(Font)              using `OT1/pcr/m/n' instead on input line 178.

) (/usr/local/texlive/2020/texmf-dist/tex/latex/float/float.sty
Package: float 2001/11/08 v1.3d Float enhancements (AL)
\c@float@type=\count276
\float@exts=\toks27
\float@box=\box57
\@float@everytoks=\toks28
\@floatcapt=\box58
)
(/usr/local/texlive/2020/texmf-dist/tex/latex/subfiles/subfiles.sty
Package: subfiles 2020/02/14 v1.6 Multi-file projects (package)
)
(/usr/local/texlive/2020/texmf-dist/tex/latex/was/gensymb.sty
Package: gensymb 2003/07/02 v1.0 (WaS)
)
(/usr/local/texlive/2020/texmf-dist/tex/latex/xcolor/xcolor.sty
Package: xcolor 2016/05/11 v2.12 LaTeX color extensions (UK)

(/usr/local/texlive/2020/texmf-dist/tex/latex/graphics-cfg/color.cfg
File: color.cfg 2016/01/02 v1.6 sample color configuration
)
Package xcolor Info: Driver file: pdftex.def on input line 225.
Package xcolor Info: Model `cmy' substituted by `cmy0' on input line 1348.
Package xcolor Info: Model `hsb' substituted by `rgb' on input line 1352.
Package xcolor Info: Model `RGB' extended on input line 1364.
Package xcolor Info: Model `HTML' substituted by `rgb' on input line 1366.
Package xcolor Info: Model `Hsb' substituted by `hsb' on input line 1367.
Package xcolor Info: Model `tHsb' substituted by `hsb' on input line 1368.
Package xcolor Info: Model `HSB' substituted by `hsb' on input line 1369.
Package xcolor Info: Model `Gray' substituted by `gray' on input line 1370.
Package xcolor Info: Model `wave' substituted by `hsb' on input line 1371.
)
(/usr/local/texlive/2020/texmf-dist/tex/latex/cite/cite.sty
LaTeX Info: Redefining \cite on input line 302.
LaTeX Info: Redefining \nocite on input line 332.
Package: cite 2015/02/27  v 5.5
)
(/usr/local/texlive/2020/texmf-dist/tex/latex/tabu/tabu.sty
Package: tabu 2019/01/11 v2.9 - flexible LaTeX tabulars (FC+tabu-fixed)

(/usr/local/texlive/2020/texmf-dist/tex/latex/varwidth/varwidth.sty
Package: varwidth 2009/03/30 ver 0.92;  Variable-width minipages
\@vwid@box=\box59
\sift@deathcycles=\count277
\@vwid@loff=\dimen160
\@vwid@roff=\dimen161
)
\c@taburow=\count278
\tabu@nbcols=\count279
\tabu@cnt=\count280
\tabu@Xcol=\count281
\tabu@alloc=\count282
\tabu@nested=\count283
\tabu@target=\dimen162
\tabu@spreadtarget=\dimen163
\tabu@naturalX=\dimen164
\tabucolX=\dimen165
\tabu@Xsum=\dimen166
\extrarowdepth=\dimen167
\abovetabulinesep=\dimen168
\belowtabulinesep=\dimen169
\tabustrutrule=\dimen170
\tabu@thebody=\toks29
\tabu@footnotes=\toks30
\tabu@box=\box60
\tabu@arstrutbox=\box61
\tabu@hleads=\box62
\tabu@vleads=\box63
\tabu@cellskip=\skip59
)
(/usr/local/texlive/2020/texmf-dist/tex/latex/multirow/multirow.sty
Package: multirow 2019/05/31 v2.5 Span multiple rows of a table
\multirow@colwidth=\skip60
\multirow@cntb=\count284
\multirow@dima=\skip61
\bigstrutjot=\dimen171
)
(/usr/local/texlive/2020/texmf-dist/tex/latex/booktabs/booktabs.sty
Package: booktabs 2020/01/12 v1.61803398 Publication quality tables
\heavyrulewidth=\dimen172
\lightrulewidth=\dimen173
\cmidrulewidth=\dimen174
\belowrulesep=\dimen175
\belowbottomsep=\dimen176
\aboverulesep=\dimen177
\abovetopsep=\dimen178
\cmidrulesep=\dimen179
\cmidrulekern=\dimen180
\defaultaddspace=\dimen181
\@cmidla=\count285
\@cmidlb=\count286
\@aboverulesep=\dimen182
\@belowrulesep=\dimen183
\@thisruleclass=\count287
\@lastruleclass=\count288
\@thisrulewidth=\dimen184
)
(/usr/local/texlive/2020/texmf-dist/tex/latex/changepage/changepage.sty
Package: changepage 2009/10/20 v1.0c check page and change page layout
\c@cp@cntr=\count289
\cp@tempcnt=\count290
)
(/usr/local/texlive/2020/texmf-dist/tex/latex/placeins/placeins.sty
Package: placeins 2005/04/18  v 2.2
)
(/usr/local/texlive/2020/texmf-dist/tex/latex/soul/soul.sty
Package: soul 2003/11/17 v2.4 letterspacing/underlining (mf)
\SOUL@word=\toks31
\SOUL@lasttoken=\toks32
\SOUL@cmds=\toks33
\SOUL@buffer=\toks34
\SOUL@token=\toks35
\SOUL@spaceskip=\skip62
\SOUL@ttwidth=\dimen185
\SOUL@uldp=\dimen186
\SOUL@ulht=\dimen187
)
(/usr/local/texlive/2020/texmf-dist/tex/latex/lineno/lineno.sty
Package: lineno 2005/11/02 line numbers on paragraphs v4.41
\linenopenalty=\count291
\output=\toks36
\linenoprevgraf=\count292
\linenumbersep=\dimen188
\linenumberwidth=\dimen189
\c@linenumber=\count293
\c@pagewiselinenumber=\count294
\c@LN@truepage=\count295
\c@internallinenumber=\count296
\c@internallinenumbers=\count297
\quotelinenumbersep=\dimen190
\bframerule=\dimen191
\bframesep=\dimen192
\bframebox=\box64
LaTeX Info: Redefining \\ on input line 3056.
)
(/usr/local/texlive/2020/texmf-dist/tex/latex/hyperref/hyperref.sty
Package: hyperref 2020/01/14 v7.00d Hypertext links for LaTeX

(/usr/local/texlive/2020/texmf-dist/tex/generic/ltxcmds/ltxcmds.sty
Package: ltxcmds 2019/12/15 v1.24 LaTeX kernel commands for general use (HO)
)
(/usr/local/texlive/2020/texmf-dist/tex/generic/iftex/iftex.sty
Package: iftex 2020/03/06 v1.0d TeX engine tests
)
(/usr/local/texlive/2020/texmf-dist/tex/latex/pdftexcmds/pdftexcmds.sty
Package: pdftexcmds 2019/11/24 v0.31 Utility functions of pdfTeX for LuaTeX (HO
)

(/usr/local/texlive/2020/texmf-dist/tex/generic/infwarerr/infwarerr.sty
Package: infwarerr 2019/12/03 v1.5 Providing info/warning/error messages (HO)
)
Package pdftexcmds Info: \pdf@primitive is available.
Package pdftexcmds Info: \pdf@ifprimitive is available.
Package pdftexcmds Info: \pdfdraftmode found.
)
(/usr/local/texlive/2020/texmf-dist/tex/generic/kvsetkeys/kvsetkeys.sty
Package: kvsetkeys 2019/12/15 v1.18 Key value parser (HO)
)
(/usr/local/texlive/2020/texmf-dist/tex/generic/kvdefinekeys/kvdefinekeys.sty
Package: kvdefinekeys 2019-12-19 v1.6 Define keys (HO)
)
(/usr/local/texlive/2020/texmf-dist/tex/generic/pdfescape/pdfescape.sty
Package: pdfescape 2019/12/09 v1.15 Implements pdfTeX's escape features (HO)
)
(/usr/local/texlive/2020/texmf-dist/tex/latex/hycolor/hycolor.sty
Package: hycolor 2020-01-27 v1.10 Color options for hyperref/bookmark (HO)
)
(/usr/local/texlive/2020/texmf-dist/tex/latex/letltxmacro/letltxmacro.sty
Package: letltxmacro 2019/12/03 v1.6 Let assignment for LaTeX macros (HO)
)
(/usr/local/texlive/2020/texmf-dist/tex/latex/auxhook/auxhook.sty
Package: auxhook 2019-12-17 v1.6 Hooks for auxiliary files (HO)


Package auxhook Warning: Cannot patch \document,
(auxhook)                using \AtBeginDocument instead.

) (/usr/local/texlive/2020/texmf-dist/tex/latex/kvoptions/kvoptions.sty
Package: kvoptions 2019/11/29 v3.13 Key value format for package options (HO)
)
\@linkdim=\dimen193
\Hy@linkcounter=\count298
\Hy@pagecounter=\count299

(/usr/local/texlive/2020/texmf-dist/tex/latex/hyperref/pd1enc.def
File: pd1enc.def 2020/01/14 v7.00d Hyperref: PDFDocEncoding definition (HO)
Now handling font encoding PD1 ...
... no UTF-8 mapping file for font encoding PD1
)
(/usr/local/texlive/2020/texmf-dist/tex/generic/intcalc/intcalc.sty
Package: intcalc 2019/12/15 v1.3 Expandable calculations with integers (HO)
)
(/usr/local/texlive/2020/texmf-dist/tex/generic/etexcmds/etexcmds.sty
Package: etexcmds 2019/12/15 v1.7 Avoid name clashes with e-TeX commands (HO)
)
\Hy@SavedSpaceFactor=\count300
Package hyperref Info: Hyper figures OFF on input line 4547.
Package hyperref Info: Link nesting OFF on input line 4552.
Package hyperref Info: Hyper index ON on input line 4555.
Package hyperref Info: Plain pages OFF on input line 4562.
Package hyperref Info: Backreferencing OFF on input line 4567.
Package hyperref Info: Implicit mode ON; LaTeX internals redefined.
Package hyperref Info: Bookmarks ON on input line 4800.
\c@Hy@tempcnt=\count301

(/usr/local/texlive/2020/texmf-dist/tex/latex/url/url.sty
\Urlmuskip=\muskip17
Package: url 2013/09/16  ver 3.4  Verb mode for urls, etc.
)
LaTeX Info: Redefining \url on input line 5159.
\XeTeXLinkMargin=\dimen194

(/usr/local/texlive/2020/texmf-dist/tex/generic/bitset/bitset.sty
Package: bitset 2019/12/09 v1.3 Handle bit-vector datatype (HO)

(/usr/local/texlive/2020/texmf-dist/tex/generic/bigintcalc/bigintcalc.sty
Package: bigintcalc 2019/12/15 v1.5 Expandable calculations on big integers (HO
)
))
\Fld@menulength=\count302
\Field@Width=\dimen195
\Fld@charsize=\dimen196
Package hyperref Info: Hyper figures OFF on input line 6430.
Package hyperref Info: Link nesting OFF on input line 6435.
Package hyperref Info: Hyper index ON on input line 6438.
Package hyperref Info: backreferencing OFF on input line 6445.
Package hyperref Info: Link coloring OFF on input line 6450.
Package hyperref Info: Link coloring with OCG OFF on input line 6455.
Package hyperref Info: PDF/A mode OFF on input line 6460.
LaTeX Info: Redefining \ref on input line 6500.
LaTeX Info: Redefining \pageref on input line 6504.

(/usr/local/texlive/2020/texmf-dist/tex/generic/atbegshi/atbegshi.sty
Package: atbegshi 2019/12/05 v1.19 At begin shipout hook (HO)
)
\Hy@abspage=\count303
\c@Item=\count304
\c@Hfootnote=\count305
)
Package hyperref Info: Driver (autodetected): hpdftex.

(/usr/local/texlive/2020/texmf-dist/tex/latex/hyperref/hpdftex.def
File: hpdftex.def 2020/01/14 v7.00d Hyperref driver for pdfTeX

(/usr/local/texlive/2020/texmf-dist/tex/latex/atveryend/atveryend.sty
Package: atveryend 2019-12-11 v1.11 Hooks at the very end of document (HO)
)
\Fld@listcount=\count306
\c@bookmark@seq@number=\count307

(/usr/local/texlive/2020/texmf-dist/tex/latex/rerunfilecheck/rerunfilecheck.sty
Package: rerunfilecheck 2019/12/05 v1.9 Rerun checks for auxiliary files (HO)

(/usr/local/texlive/2020/texmf-dist/tex/generic/uniquecounter/uniquecounter.sty
Package: uniquecounter 2019/12/15 v1.4 Provide unlimited unique counter (HO)
)
Package uniquecounter Info: New unique counter `rerunfilecheck' on input line 2
86.
)
\Hy@SectionHShift=\skip63
)
Package hyperref Info: Option `colorlinks' set `true' on input line 33.
 (/usr/local/texlive/2020/texmf-dist/tex/latex/tools/enumerate.sty
Package: enumerate 2015/07/23 v3.00 enumerate extensions (DPC)
\@enLab=\toks37
)
(/usr/local/texlive/2020/texmf-dist/tex/latex/blindtext/blindtext.sty
Package: blindtext 2012/01/06 V2.0 blindtext-Package

(/usr/local/texlive/2020/texmf-dist/tex/latex/tools/xspace.sty
Package: xspace 2014/10/28 v1.13 Space after command names (DPC,MH)
)
\c@blindtext=\count308
\c@Blindtext=\count309
\c@blind@countparstart=\count310
\blind@countxx=\count311
\blindtext@numBlindtext=\count312
\blind@countyy=\count313
\c@blindlist=\count314
\c@blindlistlevel=\count315
\c@blindlist@level=\count316
\blind@listitem=\count317
\c@blind@listcount=\count318
\c@blind@levelcount=\count319
\blind@mathformula=\count320
\blind@Mathformula=\count321
\c@blind@randomcount=\count322
\c@blind@randommax=\count323
\c@blind@pangramcount=\count324
\c@blind@pangrammax=\count325
)
(/usr/local/texlive/2020/texmf-dist/tex/latex/subfig/subfig.sty
Package: subfig 2005/06/28 ver: 1.3 subfig package

(/usr/local/texlive/2020/texmf-dist/tex/latex/caption/caption.sty
Package: caption 2020/01/03 v3.4h Customizing captions (AR)

(/usr/local/texlive/2020/texmf-dist/tex/latex/caption/caption3.sty
Package: caption3 2020/01/03 v1.8h caption3 kernel (AR)
Package caption3 Info: TeX engine: e-TeX on input line 61.
\captionmargin=\dimen197
\captionmargin@=\dimen198
\captionwidth=\dimen199
\caption@tempdima=\dimen256
\caption@indent=\dimen257
\caption@parindent=\dimen258
\caption@hangindent=\dimen259
Package caption Info: Standard document class detected.
)
\c@caption@flags=\count326
\c@continuedfloat=\count327
Package caption Info: float package is loaded.
Package caption Info: hyperref package is loaded.
)
\c@KVtest=\count328
\sf@farskip=\skip64
\sf@captopadj=\dimen260
\sf@capskip=\skip65
\sf@nearskip=\skip66
\c@subfigure=\count329
\c@subfigure@save=\count330
\c@lofdepth=\count331
\c@subtable=\count332
\c@subtable@save=\count333
\c@lotdepth=\count334
\sf@top=\skip67
\sf@bottom=\skip68
)
(/usr/local/texlive/2020/texmf-dist/tex/latex/pdfpages/pdfpages.sty
Package: pdfpages 2020/01/28 v0.5q Insert pages of external PDF documents (AM)

(/usr/local/texlive/2020/texmf-dist/tex/latex/base/ifthen.sty
Package: ifthen 2014/09/29 v1.1c Standard LaTeX ifthen package (DPC)
)
(/usr/local/texlive/2020/texmf-dist/tex/latex/tools/calc.sty
Package: calc 2017/05/25 v4.3 Infix arithmetic (KKT,FJ)
\calc@Acount=\count335
\calc@Bcount=\count336
\calc@Adimen=\dimen261
\calc@Bdimen=\dimen262
\calc@Askip=\skip69
\calc@Bskip=\skip70
LaTeX Info: Redefining \setlength on input line 80.
LaTeX Info: Redefining \addtolength on input line 81.
\calc@Ccount=\count337
\calc@Cskip=\skip71
)
(/usr/local/texlive/2020/texmf-dist/tex/latex/eso-pic/eso-pic.sty
Package: eso-pic 2018/04/12 v2.0h eso-pic (RN)
)
\AM@pagewidth=\dimen263
\AM@pageheight=\dimen264

(/usr/local/texlive/2020/texmf-dist/tex/latex/pdfpages/pppdftex.def
File: pppdftex.def 2020/01/28 v0.5q Pdfpages driver for pdfTeX (AM)
)
\AM@pagebox=\box65
\AM@global@opts=\toks38
\AM@pagecnt=\count338
\AM@toc@title=\toks39
\c@AM@survey=\count339
\AM@templatesizebox=\box66
)
(/usr/local/texlive/2020/texmf-dist/tex/latex/supertabular/supertabular.sty
Package: supertabular 2020/02/02 v4.1g the supertabular environment
\c@tracingst=\count340
\ST@wd=\dimen265
\ST@rightskip=\skip72
\ST@leftskip=\skip73
\ST@parfillskip=\skip74
\ST@pageleft=\dimen266
\ST@headht=\dimen267
\ST@tailht=\dimen268
\ST@pagesofar=\dimen269
\ST@pboxht=\dimen270
\ST@lineht=\dimen271
\ST@prevht=\dimen272
\ST@toadd=\dimen273
\ST@dimen=\dimen274
\ST@pbox=\box67
)
\offsetpage=\skip75
))
(./ch2.aux)
\openout1 = `ch2.aux'.

LaTeX Font Info:    Checking defaults for OML/cmm/m/it on input line 2.
LaTeX Font Info:    ... okay on input line 2.
LaTeX Font Info:    Checking defaults for OMS/cmsy/m/n on input line 2.
LaTeX Font Info:    ... okay on input line 2.
LaTeX Font Info:    Checking defaults for OT1/cmr/m/n on input line 2.
LaTeX Font Info:    ... okay on input line 2.
LaTeX Font Info:    Checking defaults for T1/cmr/m/n on input line 2.
LaTeX Font Info:    ... okay on input line 2.
LaTeX Font Info:    Checking defaults for TS1/cmr/m/n on input line 2.
LaTeX Font Info:    ... okay on input line 2.
LaTeX Font Info:    Checking defaults for OMX/cmex/m/n on input line 2.
LaTeX Font Info:    ... okay on input line 2.
LaTeX Font Info:    Checking defaults for U/cmr/m/n on input line 2.
LaTeX Font Info:    ... okay on input line 2.
LaTeX Font Info:    Checking defaults for PD1/pdf/m/n on input line 2.
LaTeX Font Info:    ... okay on input line 2.
LaTeX Font Info:    Trying to load font information for OT1+ptm on input line 2
.
 (/usr/local/texlive/2020/texmf-dist/tex/latex/psnfss/ot1ptm.fd
File: ot1ptm.fd 2001/06/04 font definitions for OT1/ptm.
)
(/usr/local/texlive/2020/texmf-dist/tex/context/base/mkii/supp-pdf.mkii
[Loading MPS to PDF converter (version 2006.09.02).]
\scratchcounter=\count341
\scratchdimen=\dimen275
\scratchbox=\box68
\nofMPsegments=\count342
\nofMParguments=\count343
\everyMPshowfont=\toks40
\MPscratchCnt=\count344
\MPscratchDim=\dimen276
\MPnumerator=\count345
\makeMPintoPDFobject=\count346
\everyMPtoPDFconversion=\toks41
) (/usr/local/texlive/2020/texmf-dist/tex/latex/epstopdf-pkg/epstopdf-base.sty
Package: epstopdf-base 2020-01-24 v2.11 Base part for package epstopdf
Package epstopdf-base Info: Redefining graphics rule for `.eps' on input line 4
85.

(/usr/local/texlive/2020/texmf-dist/tex/latex/latexconfig/epstopdf-sys.cfg
File: epstopdf-sys.cfg 2010/07/13 v1.3 Configuration of (r)epstopdf for TeX Liv
e
))
(/usr/local/texlive/2020/texmf-dist/tex/latex/translator/translator-basic-dicti
onary-English.dict
Dictionary: translator-basic-dictionary, Language: English 
)
(/usr/local/texlive/2020/texmf-dist/tex/latex/siunitx/siunitx-abbreviations.cfg
File: siunitx-abbreviations.cfg 2017/11/26 v2.7k siunitx: Abbreviated units
)
LaTeX Info: Redefining \celsius on input line 2.
Package gensymb Info: Faking symbols for \degree and \celsius on input line 2.


Package gensymb Warning: Not defining \perthousand.

LaTeX Info: Redefining \ohm on input line 2.
Package gensymb Info: Using \Omega for \ohm on input line 2.

Package gensymb Warning: Not defining \micro.

\AtBeginShipoutBox=\box69
Package hyperref Info: Link coloring ON on input line 2.
(/usr/local/texlive/2020/texmf-dist/tex/latex/hyperref/nameref.sty
Package: nameref 2019/09/16 v2.46 Cross-referencing by name of section

(/usr/local/texlive/2020/texmf-dist/tex/latex/refcount/refcount.sty
Package: refcount 2019/12/15 v3.6 Data extraction from label references (HO)
)
(/usr/local/texlive/2020/texmf-dist/tex/generic/gettitlestring/gettitlestring.s
ty
Package: gettitlestring 2019/12/15 v1.6 Cleanup title references (HO)
)
\c@section@level=\count347
)
LaTeX Info: Redefining \ref on input line 2.
LaTeX Info: Redefining \pageref on input line 2.
LaTeX Info: Redefining \nameref on input line 2.
 (./ch2.out) (./ch2.out)
\@outlinefile=\write3
\openout3 = `ch2.out'.

Package caption Info: Begin \AtBeginDocument code.
Package caption Info: subfig package v1.3 is loaded.
Package caption Info: supertabular package is loaded.
Package caption Info: End \AtBeginDocument code.

(/usr/local/texlive/2020/texmf-dist/tex/latex/pdflscape/pdflscape.sty
Package: pdflscape 2019/12/05 v0.12 Display of landscape pages in PDF (HO)

(/usr/local/texlive/2020/texmf-dist/tex/latex/graphics/lscape.sty
Package: lscape 2000/10/22 v3.01 Landscape Pages (DPC)
)
Package pdflscape Info: Auto-detected driver: pdftex on input line 81.
)
LaTeX Font Info:    Trying to load font information for U+msa on input line 2.

(/usr/local/texlive/2020/texmf-dist/tex/latex/amsfonts/umsa.fd
File: umsa.fd 2013/01/14 v3.01 AMS symbols A
)
LaTeX Font Info:    Trying to load font information for U+msb on input line 2.

(/usr/local/texlive/2020/texmf-dist/tex/latex/amsfonts/umsb.fd
File: umsb.fd 2013/01/14 v3.01 AMS symbols B
)
Chapter 1.

Package hyperref Warning: Token not allowed in a PDF string (PDFDocEncoding):
(hyperref)                removing `math shift' on input line 3.


Package hyperref Warning: Token not allowed in a PDF string (PDFDocEncoding):
(hyperref)                removing `\beta' on input line 3.


Package hyperref Warning: Token not allowed in a PDF string (PDFDocEncoding):
(hyperref)                removing `math shift' on input line 3.


LaTeX Warning: Citation `brown_antagonism_2020' on page 1 undefined on input li
ne 10.


LaTeX Warning: Citation `knowles_enzyme_1991' on page 1 undefined on input line
 13.


LaTeX Warning: Citation `breen_epistasis_2012' on page 1 undefined on input lin
e 13.


LaTeX Warning: Citation `de_visser_empirical_2014' on page 1 undefined on input
 line 13.


LaTeX Warning: Citation `wells_additivity_1990' on page 1 undefined on input li
ne 13.


LaTeX Warning: Citation `weinreich_darwinian_2006' on page 1 undefined on input
 line 13.


LaTeX Warning: Citation `knowles_enzyme_1991' on page 1 undefined on input line
 15.


LaTeX Warning: Citation `dellus-gur_what_2013' on page 1 undefined on input lin
e 15.


LaTeX Warning: Citation `doucet_flexibility_2009' on page 1 undefined on input 
line 15.


LaTeX Warning: Citation `whittier_conformational_2013' on page 1 undefined on i
nput line 15.


LaTeX Warning: Citation `james_conformational_2003' on page 1 undefined on inpu
t line 15.


LaTeX Warning: Citation `tokuriki_protein_2009' on page 1 undefined on input li
ne 15.


LaTeX Warning: Citation `tokuriki_protein_2009' on page 1 undefined on input li
ne 15.


LaTeX Warning: Citation `petrovic_conformational_2018' on page 1 undefined on i
nput line 15.


LaTeX Warning: Citation `livermore_-lactamase_2006' on page 1 undefined on inpu
t line 17.


LaTeX Warning: Citation `fisher_bacterial_2005' on page 1 undefined on input li
ne 17.


LaTeX Warning: Citation `fisher_bacterial_2005' on page 1 undefined on input li
ne 17.


LaTeX Warning: Citation `ambler_standard_1991' on page 1 undefined on input lin
e 17.


LaTeX Warning: Citation `bush_epidemiological_2011' on page 1 undefined on inpu
t line 19.


LaTeX Warning: Citation `palzkill_structural_2018' on page 1 undefined on input
 line 19.


LaTeX Warning: Citation `palzkill_structural_2018' on page 1 undefined on input
 line 19.


LaTeX Warning: Citation `mobashery_three_2009' on page 1 undefined on input lin
e 19.


LaTeX Warning: Citation `bonomo_kinetics_2007' on page 1 undefined on input lin
e 19.

[1


{/usr/local/texlive/2020/texmf-var/fonts/map/pdftex/updmap/pdftex.map}]
<ch2-fig1.jpg, id=108, 308.352pt x 200.9106pt>
File: ch2-fig1.jpg Graphic file (type jpg)
<use ch2-fig1.jpg>
Package pdftex.def Info: ch2-fig1.jpg  used on input line 23.
(pdftex.def)             Requested size: 252.94499pt x 164.81212pt.


LaTeX Warning: Citation `bonnet_growing_2004' on page 2 undefined on input line
 29.


LaTeX Warning: Citation `dandrea_ctx-m-type_2013' on page 2 undefined on input 
line 29.


LaTeX Warning: Citation `chen_atomic_2005' on page 2 undefined on input line 29
.


LaTeX Warning: Citation `adamski_molecular_2015' on page 2 undefined on input l
ine 29.


LaTeX Warning: Citation `patel_characterization_2015' on page 2 undefined on in
put line 29.


LaTeX Warning: Citation `patel_drug-resistant_2017' on page 2 undefined on inpu
t line 29.

<ch2-fig2.jpg, id=110, 308.352pt x 193.4427pt>
File: ch2-fig2.jpg Graphic file (type jpg)
<use ch2-fig2.jpg>
Package pdftex.def Info: ch2-fig2.jpg  used on input line 33.
(pdftex.def)             Requested size: 252.94499pt x 158.686pt.

LaTeX Warning: Citation `dandrea_ctx-m-type_2013' on page 2 undefined on input 
line 39.


LaTeX Warning: Citation `bonnet_effect_2003' on page 2 undefined on input line 
39.


LaTeX Warning: Citation `kimura_role_2004' on page 2 undefined on input line 39
.


LaTeX Warning: Citation `canton_ctx-m_2012' on page 2 undefined on input line 3
9.


LaTeX Warning: Citation `chen_atomic_2005' on page 2 undefined on input line 39
.


LaTeX Warning: Citation `patel_drug-resistant_2017' on page 2 undefined on inpu
t line 39.


LaTeX Warning: Citation `dandrea_ctx-m-type_2013' on page 2 undefined on input 
line 39.


LaTeX Warning: Citation `chen_atomic_2005' on page 2 undefined on input line 41
.


LaTeX Warning: Citation `strynadka_molecular_1992' on page 2 undefined on input
 line 41.


LaTeX Warning: Citation `strynadka_molecular_1992' on page 2 undefined on input
 line 41.


LaTeX Warning: Citation `patel_drug-resistant_2017' on page 2 undefined on inpu
t line 41.


LaTeX Warning: Citation `patel_drug-resistant_2017' on page 2 undefined on inpu
t line 41.


LaTeX Warning: Citation `chen_atomic_2005' on page 2 undefined on input line 43
.

[2 <./ch2-fig1.jpg>]

LaTeX Warning: Citation `wells_additivity_1990' on page 3 undefined on input li
ne 45.


LaTeX Warning: Citation `novais_mutational_2008' on page 3 undefined on input l
ine 45.


LaTeX Warning: Citation `chen_atomic_2005' on page 3 undefined on input line 53
.


LaTeX Warning: Citation `patel_characterization_2015' on page 3 undefined on in
put line 53.


LaTeX Warning: Citation `novais_mutational_2008' on page 3 undefined on input l
ine 53.


LaTeX Warning: Citation `patel_characterization_2015' on page 3 undefined on in
put line 53.


LaTeX Warning: Citation `novais_mutational_2008' on page 3 undefined on input l
ine 53.


LaTeX Warning: Citation `novais_mutational_2008' on page 3 undefined on input l
ine 53.


LaTeX Warning: No positions in optional float specifier.
               Default added (so using `tbp') on input line 55.

LaTeX Font Info:    Trying to load font information for OML+ptm on input line 6
4.
(/usr/local/texlive/2020/texmf-dist/tex/latex/psnfss/omlptm.fd
File: omlptm.fd 
)
LaTeX Font Info:    Font shape `OML/ptm/m/n' in size <10> not available
(Font)              Font shape `OML/cmm/m/it' tried instead on input line 64.


LaTeX Warning: Citation `patel_characterization_2015' on page 3 undefined on in
put line 73.


LaTeX Warning: Citation `bonnet_effect_2003' on page 3 undefined on input line 
73.


LaTeX Warning: Citation `kimura_role_2004' on page 3 undefined on input line 73
.


LaTeX Warning: Citation `ishii_biochemical_2007' on page 3 undefined on input l
ine 73.

[3 <./ch2-fig2.jpg>]

LaTeX Warning: No positions in optional float specifier.
               Default added (so using `tbp') on input line 75.

! Missing $ inserted.
<inserted text> 
                $
l.82 ...  & k$_{cat}$ (s$^{-1}$)        & 1400 \pm
                                                   38   & 161 \pm 9     & ND...
I've inserted a begin-math/end-math symbol since I think
you left one out. Proceed, with fingers crossed.

! Missing $ inserted.
<inserted text> 
                $
l.82 ...{cat}$ (s$^{-1}$)        & 1400 \pm 38   &
                                                   161 \pm 9     & NDa      ...
I've inserted something that you may have forgotten.
(See the <inserted text> above.)
With luck, this will get me unwedged. But if you
really didn't forget anything, try typing `2' now; then
my insertion and my current dilemma will both disappear.

! Missing $ inserted.
<inserted text> 
                $
l.82 ...s$^{-1}$)        & 1400 \pm 38   & 161 \pm
                                                   9     & NDa              ...
I've inserted a begin-math/end-math symbol since I think
you left one out. Proceed, with fingers crossed.

! Missing $ inserted.
<inserted text> 
                $
l.82 ...)        & 1400 \pm 38   & 161 \pm 9     &
                                                   NDa               \\\
I've inserted something that you may have forgotten.
(See the <inserted text> above.)
With luck, this will get me unwedged. But if you
really didn't forget anything, try typing `2' now; then
my insertion and my current dilemma will both disappear.

! Missing $ inserted.
<inserted text> 
                $
l.83 ...     & K$_{m}$ ($\mu$M)           & 83 \pm
                                                   6      & 60 \pm 7      & ...
I've inserted a begin-math/end-math symbol since I think
you left one out. Proceed, with fingers crossed.

! Missing $ inserted.
<inserted text> 
                $
l.83 ..._{m}$ ($\mu$M)           & 83 \pm 6      &
                                                   60 \pm 7      & \textgrea...
I've inserted something that you may have forgotten.
(See the <inserted text> above.)
With luck, this will get me unwedged. But if you
really didn't forget anything, try typing `2' now; then
my insertion and my current dilemma will both disappear.

! Missing $ inserted.
<inserted text> 
                $
l.83 ...$\mu$M)           & 83 \pm 6      & 60 \pm
                                                   7      & \textgreater{}50...
I've inserted a begin-math/end-math symbol since I think
you left one out. Proceed, with fingers crossed.

! Missing $ inserted.
<inserted text> 
                $
l.83 ...         & 83 \pm 6      & 60 \pm 7      &
                                                   \textgreater{}500 \\
I've inserted something that you may have forgotten.
(See the <inserted text> above.)
With luck, this will get me unwedged. But if you
really didn't forget anything, try typing `2' now; then
my insertion and my current dilemma will both disappear.

! Missing $ inserted.
<inserted text> 
                $
l.84 ...}$/K$_{m}$ ($\mu$M$^{-1}$s$-1$) & 17.0 \pm
                                                   0.7  & 2.71 \pm 0.16 & 0....
I've inserted a begin-math/end-math symbol since I think
you left one out. Proceed, with fingers crossed.

! Missing $ inserted.
<inserted text> 
                $
l.84 ...m}$ ($\mu$M$^{-1}$s$-1$) & 17.0 \pm 0.7  &
                                                   2.71 \pm 0.16 & 0.0011 \p...
I've inserted something that you may have forgotten.
(See the <inserted text> above.)
With luck, this will get me unwedged. But if you
really didn't forget anything, try typing `2' now; then
my insertion and my current dilemma will both disappear.

! Missing $ inserted.
<inserted text> 
                $
l.84 ...$M$^{-1}$s$-1$) & 17.0 \pm 0.7  & 2.71 \pm
                                                   0.16 & 0.0011 \pm 0.00007...
I've inserted a begin-math/end-math symbol since I think
you left one out. Proceed, with fingers crossed.

! Missing $ inserted.
<inserted text> 
                $
l.84 ...}$s$-1$) & 17.0 \pm 0.7  & 2.71 \pm 0.16 &
                                                   0.0011 \pm 0.00007  \\ \h...
I've inserted something that you may have forgotten.
(See the <inserted text> above.)
With luck, this will get me unwedged. But if you
really didn't forget anything, try typing `2' now; then
my insertion and my current dilemma will both disappear.

! Missing $ inserted.
<inserted text> 
                $
l.84 ...17.0 \pm 0.7  & 2.71 \pm 0.16 & 0.0011 \pm
                                                   0.00007  \\ \hline
I've inserted a begin-math/end-math symbol since I think
you left one out. Proceed, with fingers crossed.

! Missing $ inserted.
<inserted text> 
                $
l.84 ...1 \pm 0.16 & 0.0011 \pm 0.00007  \\ \hline
                                                  
I've inserted something that you may have forgotten.
(See the <inserted text> above.)
With luck, this will get me unwedged. But if you
really didn't forget anything, try typing `2' now; then
my insertion and my current dilemma will both disappear.

! Missing $ inserted.
<inserted text> 
                $
l.85 ...   & k$_{cat}$ (s$^{-1}$)        & 681 \pm
                                                   36.8  & 297 \pm 29.7  & N...
I've inserted a begin-math/end-math symbol since I think
you left one out. Proceed, with fingers crossed.

! Missing $ inserted.
<inserted text> 
                $
l.85 ...{cat}$ (s$^{-1}$)        & 681 \pm 36.8  &
                                                   297 \pm 29.7  & ND       ...
I've inserted something that you may have forgotten.
(See the <inserted text> above.)
With luck, this will get me unwedged. But if you
really didn't forget anything, try typing `2' now; then
my insertion and my current dilemma will both disappear.

! Missing $ inserted.
<inserted text> 
                $
l.85 ...s$^{-1}$)        & 681 \pm 36.8  & 297 \pm
                                                   29.7  & ND                \\
I've inserted a begin-math/end-math symbol since I think
you left one out. Proceed, with fingers crossed.

! Missing $ inserted.
<inserted text> 
                $
l.85 ...)        & 681 \pm 36.8  & 297 \pm 29.7  &
                                                   ND                \\
I've inserted something that you may have forgotten.
(See the <inserted text> above.)
With luck, this will get me unwedged. But if you
really didn't forget anything, try typing `2' now; then
my insertion and my current dilemma will both disappear.

! Missing $ inserted.
<inserted text> 
                $
l.86 ...     & K$_{m}$ ($\mu$M)           & 32 \pm
                                                   0.8    & 37 \pm 6.3    & ...
I've inserted a begin-math/end-math symbol since I think
you left one out. Proceed, with fingers crossed.

! Missing $ inserted.
<inserted text> 
                $
l.86 ..._{m}$ ($\mu$M)           & 32 \pm 0.8    &
                                                   37 \pm 6.3    & \textgrea...
I've inserted something that you may have forgotten.
(See the <inserted text> above.)
With luck, this will get me unwedged. But if you
really didn't forget anything, try typing `2' now; then
my insertion and my current dilemma will both disappear.

! Missing $ inserted.
<inserted text> 
                $
l.86 ...$\mu$M)           & 32 \pm 0.8    & 37 \pm
                                                   6.3    & \textgreater{}50...
I've inserted a begin-math/end-math symbol since I think
you left one out. Proceed, with fingers crossed.

! Missing $ inserted.
<inserted text> 
                $
l.86 ...         & 32 \pm 0.8    & 37 \pm 6.3    &
                                                   \textgreater{}500 \\
I've inserted something that you may have forgotten.
(See the <inserted text> above.)
With luck, this will get me unwedged. But if you
really didn't forget anything, try typing `2' now; then
my insertion and my current dilemma will both disappear.

! Missing $ inserted.
<inserted text> 
                $
l.87 ...}$/K$_{m}$ ($\mu$M$^{-1}$s$-1$) & 21.1 \pm
                                                   1.3  & 8.0 \pm 1.6   & 0....
I've inserted a begin-math/end-math symbol since I think
you left one out. Proceed, with fingers crossed.

! Missing $ inserted.
<inserted text> 
                $
l.87 ...m}$ ($\mu$M$^{-1}$s$-1$) & 21.1 \pm 1.3  &
                                                   8.0 \pm 1.6   & 0.011 \pm...
I've inserted something that you may have forgotten.
(See the <inserted text> above.)
With luck, this will get me unwedged. But if you
really didn't forget anything, try typing `2' now; then
my insertion and my current dilemma will both disappear.

! Missing $ inserted.
<inserted text> 
                $
l.87 ...u$M$^{-1}$s$-1$) & 21.1 \pm 1.3  & 8.0 \pm
                                                   1.6   & 0.011 \pm 0.0002 ...
I've inserted a begin-math/end-math symbol since I think
you left one out. Proceed, with fingers crossed.

! Missing $ inserted.
<inserted text> 
                $
l.87 ...}$s$-1$) & 21.1 \pm 1.3  & 8.0 \pm 1.6   &
                                                   0.011 \pm 0.0002    \\ \h...
I've inserted something that you may have forgotten.
(See the <inserted text> above.)
With luck, this will get me unwedged. But if you
really didn't forget anything, try typing `2' now; then
my insertion and my current dilemma will both disappear.

! Missing $ inserted.
<inserted text> 
                $
l.87 ... 21.1 \pm 1.3  & 8.0 \pm 1.6   & 0.011 \pm
                                                   0.0002    \\ \hline
I've inserted a begin-math/end-math symbol since I think
you left one out. Proceed, with fingers crossed.

! Missing $ inserted.
<inserted text> 
                $
l.87 ... \pm 1.6   & 0.011 \pm 0.0002    \\ \hline
                                                  
I've inserted something that you may have forgotten.
(See the <inserted text> above.)
With luck, this will get me unwedged. But if you
really didn't forget anything, try typing `2' now; then
my insertion and my current dilemma will both disappear.

! Missing $ inserted.
<inserted text> 
                $
l.88 ...   & k$_{cat}$ (s$^{-1}$)        & 471 \pm
                                                   10.9  & 321 \pm 46.2  & N...
I've inserted a begin-math/end-math symbol since I think
you left one out. Proceed, with fingers crossed.

! Missing $ inserted.
<inserted text> 
                $
l.88 ...{cat}$ (s$^{-1}$)        & 471 \pm 10.9  &
                                                   321 \pm 46.2  & ND       ...
I've inserted something that you may have forgotten.
(See the <inserted text> above.)
With luck, this will get me unwedged. But if you
really didn't forget anything, try typing `2' now; then
my insertion and my current dilemma will both disappear.

! Missing $ inserted.
<inserted text> 
                $
l.88 ...s$^{-1}$)        & 471 \pm 10.9  & 321 \pm
                                                   46.2  & ND                \\
I've inserted a begin-math/end-math symbol since I think
you left one out. Proceed, with fingers crossed.

! Missing $ inserted.
<inserted text> 
                $
l.88 ...)        & 471 \pm 10.9  & 321 \pm 46.2  &
                                                   ND                \\
I've inserted something that you may have forgotten.
(See the <inserted text> above.)
With luck, this will get me unwedged. But if you
really didn't forget anything, try typing `2' now; then
my insertion and my current dilemma will both disappear.

! Missing $ inserted.
<inserted text> 
                $
l.89 ...   & K$_{m}$ ($\mu$M)           & 47.1 \pm
                                                   41.7 & 52 \pm 8.6    & \t...
I've inserted a begin-math/end-math symbol since I think
you left one out. Proceed, with fingers crossed.

! Missing $ inserted.
<inserted text> 
                $
l.89 ..._{m}$ ($\mu$M)           & 47.1 \pm 41.7 &
                                                   52 \pm 8.6    & \textgrea...
I've inserted something that you may have forgotten.
(See the <inserted text> above.)
With luck, this will get me unwedged. But if you
really didn't forget anything, try typing `2' now; then
my insertion and my current dilemma will both disappear.

! Missing $ inserted.
<inserted text> 
                $
l.89 ...$\mu$M)           & 47.1 \pm 41.7 & 52 \pm
                                                   8.6    & \textgreater{}50...
I've inserted a begin-math/end-math symbol since I think
you left one out. Proceed, with fingers crossed.

! Missing $ inserted.
<inserted text> 
                $
l.89 ...         & 47.1 \pm 41.7 & 52 \pm 8.6    &
                                                   \textgreater{}500 \\
I've inserted something that you may have forgotten.
(See the <inserted text> above.)
With luck, this will get me unwedged. But if you
really didn't forget anything, try typing `2' now; then
my insertion and my current dilemma will both disappear.

! Missing $ inserted.
<inserted text> 
                $
l.90 ...}$/K$_{m}$ ($\mu$M$^{-1}$s$-1$) & 10.0 \pm
                                                   2.5  & 6.2 \pm 1.4   & 0....
I've inserted a begin-math/end-math symbol since I think
you left one out. Proceed, with fingers crossed.

! Missing $ inserted.
<inserted text> 
                $
l.90 ...m}$ ($\mu$M$^{-1}$s$-1$) & 10.0 \pm 2.5  &
                                                   6.2 \pm 1.4   & 0.013 \pm...
I've inserted something that you may have forgotten.
(See the <inserted text> above.)
With luck, this will get me unwedged. But if you
really didn't forget anything, try typing `2' now; then
my insertion and my current dilemma will both disappear.

! Missing $ inserted.
<inserted text> 
                $
l.90 ...u$M$^{-1}$s$-1$) & 10.0 \pm 2.5  & 6.2 \pm
                                                   1.4   & 0.013 \pm 0.0007 ...
I've inserted a begin-math/end-math symbol since I think
you left one out. Proceed, with fingers crossed.

! Missing $ inserted.
<inserted text> 
                $
l.90 ...}$s$-1$) & 10.0 \pm 2.5  & 6.2 \pm 1.4   &
                                                   0.013 \pm 0.0007    \\ \h...
I've inserted something that you may have forgotten.
(See the <inserted text> above.)
With luck, this will get me unwedged. But if you
really didn't forget anything, try typing `2' now; then
my insertion and my current dilemma will both disappear.

! Missing $ inserted.
<inserted text> 
                $
l.90 ... 10.0 \pm 2.5  & 6.2 \pm 1.4   & 0.013 \pm
                                                   0.0007    \\ \hline
I've inserted a begin-math/end-math symbol since I think
you left one out. Proceed, with fingers crossed.

! Missing $ inserted.
<inserted text> 
                $
l.90 ... \pm 1.4   & 0.013 \pm 0.0007    \\ \hline
                                                  
I've inserted something that you may have forgotten.
(See the <inserted text> above.)
With luck, this will get me unwedged. But if you
really didn't forget anything, try typing `2' now; then
my insertion and my current dilemma will both disappear.

! Missing $ inserted.
<inserted text> 
                $
l.91 ...0G & k$_{cat}$ (s$^{-1}$)        & 165 \pm
                                                   11    & 139 \pm 3     & N...
I've inserted a begin-math/end-math symbol since I think
you left one out. Proceed, with fingers crossed.

! Missing $ inserted.
<inserted text> 
                $
l.91 ...{cat}$ (s$^{-1}$)        & 165 \pm 11    &
                                                   139 \pm 3     & ND       ...
I've inserted something that you may have forgotten.
(See the <inserted text> above.)
With luck, this will get me unwedged. But if you
really didn't forget anything, try typing `2' now; then
my insertion and my current dilemma will both disappear.

! Missing $ inserted.
<inserted text> 
                $
l.91 ...s$^{-1}$)        & 165 \pm 11    & 139 \pm
                                                   3     & ND                \\
I've inserted a begin-math/end-math symbol since I think
you left one out. Proceed, with fingers crossed.

! Missing $ inserted.
<inserted text> 
                $
l.91 ...)        & 165 \pm 11    & 139 \pm 3     &
                                                   ND                \\
I've inserted something that you may have forgotten.
(See the <inserted text> above.)
With luck, this will get me unwedged. But if you
really didn't forget anything, try typing `2' now; then
my insertion and my current dilemma will both disappear.

! Missing $ inserted.
<inserted text> 
                $
l.92 ...     & K$_{m}$ ($\mu$M)           & 15 \pm
                                                   3      & 42 \pm 0.5    & ...
I've inserted a begin-math/end-math symbol since I think
you left one out. Proceed, with fingers crossed.

! Missing $ inserted.
<inserted text> 
                $
l.92 ..._{m}$ ($\mu$M)           & 15 \pm 3      &
                                                   42 \pm 0.5    & \textgrea...
I've inserted something that you may have forgotten.
(See the <inserted text> above.)
With luck, this will get me unwedged. But if you
really didn't forget anything, try typing `2' now; then
my insertion and my current dilemma will both disappear.

! Missing $ inserted.
<inserted text> 
                $
l.92 ...$\mu$M)           & 15 \pm 3      & 42 \pm
                                                   0.5    & \textgreater{}50...
I've inserted a begin-math/end-math symbol since I think
you left one out. Proceed, with fingers crossed.

! Missing $ inserted.
<inserted text> 
                $
l.92 ...         & 15 \pm 3      & 42 \pm 0.5    &
                                                   \textgreater{}500 \\
I've inserted something that you may have forgotten.
(See the <inserted text> above.)
With luck, this will get me unwedged. But if you
really didn't forget anything, try typing `2' now; then
my insertion and my current dilemma will both disappear.

! Missing $ inserted.
<inserted text> 
                $
l.93 ...}$/K$_{m}$ ($\mu$M$^{-1}$s$-1$) & 10.8 \pm
                                                   1.4  & 3.27 \pm 0.1  & 0....
I've inserted a begin-math/end-math symbol since I think
you left one out. Proceed, with fingers crossed.

! Missing $ inserted.
<inserted text> 
                $
l.93 ...m}$ ($\mu$M$^{-1}$s$-1$) & 10.8 \pm 1.4  &
                                                   3.27 \pm 0.1  & 0.0060 \p...
I've inserted something that you may have forgotten.
(See the <inserted text> above.)
With luck, this will get me unwedged. But if you
really didn't forget anything, try typing `2' now; then
my insertion and my current dilemma will both disappear.

! Missing $ inserted.
<inserted text> 
                $
l.93 ...$M$^{-1}$s$-1$) & 10.8 \pm 1.4  & 3.27 \pm
                                                   0.1  & 0.0060 \pm 0.00004...
I've inserted a begin-math/end-math symbol since I think
you left one out. Proceed, with fingers crossed.

! Missing $ inserted.
<inserted text> 
                $
l.93 ...}$s$-1$) & 10.8 \pm 1.4  & 3.27 \pm 0.1  &
                                                   0.0060 \pm 0.00004 \\ \hline
I've inserted something that you may have forgotten.
(See the <inserted text> above.)
With luck, this will get me unwedged. But if you
really didn't forget anything, try typing `2' now; then
my insertion and my current dilemma will both disappear.

! Missing $ inserted.
<inserted text> 
                $
l.93 ...10.8 \pm 1.4  & 3.27 \pm 0.1  & 0.0060 \pm
                                                   0.00004 \\ \hline
I've inserted a begin-math/end-math symbol since I think
you left one out. Proceed, with fingers crossed.

! Missing $ inserted.
<inserted text> 
                $
l.93 ...27 \pm 0.1  & 0.0060 \pm 0.00004 \\ \hline
                                                  
I've inserted something that you may have forgotten.
(See the <inserted text> above.)
With luck, this will get me unwedged. But if you
really didn't forget anything, try typing `2' now; then
my insertion and my current dilemma will both disappear.


LaTeX Warning: Citation `patel_characterization_2015' on page 4 undefined on in
put line 97.


LaTeX Warning: Citation `wells_additivity_1990' on page 4 undefined on input li
ne 97.


LaTeX Warning: Citation `wells_additivity_1990' on page 4 undefined on input li
ne 97.


LaTeX Warning: Citation `patel_characterization_2015' on page 4 undefined on in
put line 99.


LaTeX Warning: Citation `patel_characterization_2015' on page 4 undefined on in
put line 101.

[4]

LaTeX Warning: Citation `patel_characterization_2015' on page 5 undefined on in
put line 105.

LaTeX Font Info:    Trying to load font information for TS1+ptm on input line 1
05.
(/usr/local/texlive/2020/texmf-dist/tex/latex/psnfss/ts1ptm.fd
File: ts1ptm.fd 2001/06/04 font definitions for TS1/ptm.
)

LaTeX Warning: Citation `patel_characterization_2015' on page 5 undefined on in
put line 105.

<ch2-fig3.jpg, id=144, 308.352pt x 241.1409pt>
File: ch2-fig3.jpg Graphic file (type jpg)
<use ch2-fig3.jpg>
Package pdftex.def Info: ch2-fig3.jpg  used on input line 109.
(pdftex.def)             Requested size: 216.81pt x 169.55545pt.

LaTeX Warning: Citation `patel_characterization_2015' on page 5 undefined on in
put line 111.


LaTeX Warning: Citation `patel_characterization_2015' on page 5 undefined on in
put line 111.


LaTeX Warning: Citation `huang_natural_1997' on page 5 undefined on input line 
117.


LaTeX Warning: Citation `huang_natural_1997' on page 5 undefined on input line 
117.


LaTeX Warning: Citation `brown_multiple_2010' on page 5 undefined on input line
 117.


LaTeX Warning: Citation `mayer_correlation_2007' on page 5 undefined on input l
ine 117.


LaTeX Warning: Citation `patel_characterization_2015' on page 5 undefined on in
put line 117.

<ch2-fig4.jpg, id=146, 308.352pt x 263.7855pt>
File: ch2-fig4.jpg Graphic file (type jpg)
<use ch2-fig4.jpg>
Package pdftex.def Info: ch2-fig4.jpg  used on input line 121.
(pdftex.def)             Requested size: 216.81pt x 185.47774pt.

Overfull \hbox (30.13724pt too wide) in paragraph at lines 127--127
[]\OT1/ptm/b/n/12 X-ray struc-tures of P167S/D240G apo, E166A/D240G/CAZ, and E1
66A/P167S/D240G/CAZ
 []


Package hyperref Warning: Token not allowed in a PDF string (PDFDocEncoding):
(hyperref)                removing `math shift' on input line 127.


Package hyperref Warning: Token not allowed in a PDF string (PDFDocEncoding):
(hyperref)                removing `\Omega' on input line 127.


Package hyperref Warning: Token not allowed in a PDF string (PDFDocEncoding):
(hyperref)                removing `math shift' on input line 127.


LaTeX Warning: Citation `patel_drug-resistant_2017' on page 5 undefined on inpu
t line 129.


LaTeX Warning: Citation `chen_atomic_2005' on page 5 undefined on input line 12
9.


LaTeX Warning: Reference `tab:ch2-supptable1' on page 5 undefined on input line
 129.


LaTeX Warning: Citation `yuan_prediction_2005' on page 5 undefined on input lin
e 129.


LaTeX Warning: Citation `patel_synergistic_2018' on page 5 undefined on input l
ine 129.

[5 <./ch2-fig3.jpg>]
<ch2-fig5.jpg, id=157, 308.352pt x 181.8795pt>
File: ch2-fig5.jpg Graphic file (type jpg)
<use ch2-fig5.jpg>
Package pdftex.def Info: ch2-fig5.jpg  used on input line 133.
(pdftex.def)             Requested size: 361.34999pt x 213.14505pt.


LaTeX Warning: Reference `tab:ch2-supptable1' on page 6 undefined on input line
 139.


LaTeX Warning: Citation `strynadka_molecular_1992' on page 6 undefined on input
 line 139.


LaTeX Warning: Citation `patel_drug-resistant_2017' on page 6 undefined on inpu
t line 139.


LaTeX Warning: Citation `patel_drug-resistant_2017' on page 6 undefined on inpu
t line 139.


LaTeX Warning: Citation `patel_drug-resistant_2017' on page 6 undefined on inpu
t line 139.


LaTeX Warning: Citation `patel_drug-resistant_2017' on page 6 undefined on inpu
t line 139.

[6 <./ch2-fig4.jpg>]
<ch2-fig6.jpg, id=174, 308.352pt x 114.1866pt>
File: ch2-fig6.jpg Graphic file (type jpg)
<use ch2-fig6.jpg>
Package pdftex.def Info: ch2-fig6.jpg  used on input line 143.
(pdftex.def)             Requested size: 339.66878pt x 125.7851pt.


LaTeX Warning: Citation `bonnet_effect_2003' on page 7 undefined on input line 
149.


LaTeX Warning: Citation `canton_ctx-m_2012' on page 7 undefined on input line 1
49.

<ch2-fig7.jpg, id=178, 308.352pt x 232.4685pt>
File: ch2-fig7.jpg Graphic file (type jpg)
<use ch2-fig7.jpg>
Package pdftex.def Info: ch2-fig7.jpg  used on input line 153.
(pdftex.def)             Requested size: 339.66878pt x 256.08148pt.

LaTeX Warning: Citation `patel_synergistic_2018' on page 7 undefined on input l
ine 159.


Underfull \vbox (badness 2689) has occurred while \output is active []

 [7 <./ch2-fig5.jpg>]
<ch2-fig8.jpg, id=192, 265.9536pt x 308.352pt>
File: ch2-fig8.jpg Graphic file (type jpg)
<use ch2-fig8.jpg>
Package pdftex.def Info: ch2-fig8.jpg  used on input line 165.
(pdftex.def)             Requested size: 361.34999pt x 418.97676pt.
 [8 <./ch2-fig6.jpg>]

Package hyperref Warning: Token not allowed in a PDF string (PDFDocEncoding):
(hyperref)                removing `math shift' on input line 175.


Package hyperref Warning: Token not allowed in a PDF string (PDFDocEncoding):
(hyperref)                removing `\Omega' on input line 175.


Package hyperref Warning: Token not allowed in a PDF string (PDFDocEncoding):
(hyperref)                removing `math shift' on input line 175.


LaTeX Warning: Citation `patel_drug-resistant_2017' on page 9 undefined on inpu
t line 177.


LaTeX Warning: Citation `patel_drug-resistant_2017' on page 9 undefined on inpu
t line 177.


LaTeX Warning: Reference `fig:ch2-suppfig3' on page 9 undefined on input line 1
79.


LaTeX Warning: Citation `Porter:2019hv' on page 9 undefined on input line 179.

[9 <./ch2-fig7.jpg>]
Underfull \vbox (badness 10000) has occurred while \output is active []

 [10 <./ch2-fig8.jpg>]
<ch2-fig9.png, id=213, 218.9781pt x 459.6372pt>
File: ch2-fig9.png Graphic file (type png)
<use ch2-fig9.png>
Package pdftex.def Info: ch2-fig9.png  used on input line 183.
(pdftex.def)             Requested size: 252.94499pt x 530.94923pt.


LaTeX Warning: Float too large for page by 35.81416pt on input line 187.


LaTeX Warning: Citation `chen_acylation_2007' on page 11 undefined on input lin
e 189.


LaTeX Warning: Citation `strynadka_molecular_1992' on page 11 undefined on inpu
t line 189.

<ch2-fig10.png, id=218, 528.2937pt x 392.1852pt>
File: ch2-fig10.png Graphic file (type png)
<use ch2-fig10.png>
Package pdftex.def Info: ch2-fig10.png  used on input line 193.
(pdftex.def)             Requested size: 361.34999pt x 268.25626pt.

LaTeX Warning: Reference `fig:ch2-suppfig1' on page 11 undefined on input line 
199.


LaTeX Warning: Reference `fig:ch2-suppfig1' on page 11 undefined on input line 
199.


LaTeX Warning: Reference `fig:ch2-suppfig2' on page 11 undefined on input line 
199.


LaTeX Warning: Reference `fig:ch2-suppfig2' on page 11 undefined on input line 
199.


LaTeX Warning: Reference `fig:ch2-suppfig1' on page 11 undefined on input line 
199.


LaTeX Warning: Reference `fig:ch2-suppfig2' on page 11 undefined on input line 
199.

[11] [12 <./ch2-fig9.png>] [13 <./ch2-fig10.png>]

LaTeX Warning: Citation `bonnet_growing_2004' on page 14 undefined on input lin
e 205.


LaTeX Warning: Citation `dandrea_ctx-m-type_2013' on page 14 undefined on input
 line 205.


LaTeX Warning: Citation `palzkill_structural_2018' on page 14 undefined on inpu
t line 205.


LaTeX Warning: Citation `palzkill_structural_2018' on page 14 undefined on inpu
t line 205.


LaTeX Warning: Citation `dandrea_ctx-m-type_2013' on page 14 undefined on input
 line 205.


LaTeX Warning: Citation `bonnet_effect_2003' on page 14 undefined on input line
 205.


LaTeX Warning: Citation `kimura_role_2004' on page 14 undefined on input line 2
05.


LaTeX Warning: Citation `canton_ctx-m_2012' on page 14 undefined on input line 
205.


LaTeX Warning: Citation `cartelle_high-level_2004' on page 14 undefined on inpu
t line 205.


LaTeX Warning: Citation `chen_atomic_2005' on page 14 undefined on input line 2
05.


LaTeX Warning: Citation `patel_characterization_2015' on page 14 undefined on i
nput line 205.


LaTeX Warning: Citation `wells_additivity_1990' on page 14 undefined on input l
ine 207.


LaTeX Warning: Citation `wells_additivity_1990' on page 14 undefined on input l
ine 207.


LaTeX Warning: Citation `wells_additivity_1990' on page 14 undefined on input l
ine 207.


LaTeX Warning: Citation `palzkill_structural_2018' on page 14 undefined on inpu
t line 213.


LaTeX Warning: Citation `petrosino_-lactamases:_1998' on page 14 undefined on i
nput line 213.


LaTeX Warning: Citation `salverda_natural_2010' on page 14 undefined on input l
ine 213.


LaTeX Warning: Citation `palzkill_structural_2018' on page 14 undefined on inpu
t line 213.


LaTeX Warning: Citation `dellus-gur_negative_2015' on page 14 undefined on inpu
t line 213.


LaTeX Warning: Citation `giakkoupi_detrimental_2000' on page 14 undefined on in
put line 213.


LaTeX Warning: Citation `dellus-gur_negative_2015' on page 14 undefined on inpu
t line 213.


LaTeX Warning: Citation `dellus-gur_negative_2015' on page 14 undefined on inpu
t line 213.


LaTeX Warning: Citation `dellus-gur_negative_2015' on page 14 undefined on inpu
t line 213.


LaTeX Warning: Citation `dellus-gur_negative_2015' on page 14 undefined on inpu
t line 215.

[14

]

LaTeX Warning: Citation `dellus-gur_negative_2015' on page 15 undefined on inpu
t line 217.


LaTeX Warning: Citation `stojanoski_triple_2015' on page 15 undefined on input 
line 217.


LaTeX Warning: Citation `Hart:2016kb' on page 15 undefined on input line 217.


LaTeX Warning: Citation `patel_synergistic_2018' on page 15 undefined on input 
line 219.


LaTeX Warning: Citation `patel_synergistic_2018' on page 15 undefined on input 
line 219.


LaTeX Warning: Citation `frohlich_oxa-48-mediated_2019' on page 15 undefined on
 input line 221.


LaTeX Warning: Citation `barnes_deciphering_2018' on page 15 undefined on input
 line 221.


LaTeX Warning: Citation `dellus-gur_what_2013' on page 15 undefined on input li
ne 223.


LaTeX Warning: Citation `petrosino_contributions_1999' on page 15 undefined on 
input line 227.


LaTeX Warning: Citation `amann_vectors_1983' on page 15 undefined on input line
 227.


LaTeX Warning: Citation `patel_characterization_2015' on page 15 undefined on i
nput line 227.


LaTeX Warning: Citation `studier_use_1986' on page 15 undefined on input line 2
27.


Underfull \vbox (badness 10000) has occurred while \output is active []

 [15]

LaTeX Warning: Citation `patel_characterization_2015' on page 16 undefined on i
nput line 230.


Overfull \hbox (3.05016pt too wide) in paragraph at lines 230--231
\OT1/ptm/m/n/10 The CTX-M-14 P167S/D240G mu-tant was con-structed us-ing the D2
40G mu-tant in pTP123 as tem-plate for QuikChange
 []

[16]

LaTeX Warning: Citation `patel_synergistic_2018' on page 17 undefined on input 
line 240.


Overfull \hbox (1.71448pt too wide) in paragraph at lines 243--244
\OT1/ptm/m/n/10 WT CTX-M-14 $\OML/cmm/m/it/10 ^^L$\OT1/ptm/m/n/10 -lactamase an
d the P167S/D240G mu-tant were ex-pressed from a pET28a vec-tor in E. coli BL21
(DE3)
 []


LaTeX Warning: Citation `patel_characterization_2015' on page 17 undefined on i
nput line 246.


LaTeX Warning: Citation `brown_multiple_2010' on page 17 undefined on input lin
e 246.


LaTeX Warning: Citation `patel_characterization_2015' on page 17 undefined on i
nput line 249.


LaTeX Warning: Citation `marciano_genetic_2008' on page 17 undefined on input l
ine 249.


LaTeX Warning: Citation `patel_characterization_2015' on page 17 undefined on i
nput line 249.


LaTeX Warning: Citation `patel_characterization_2015' on page 17 undefined on i
nput line 249.


LaTeX Warning: Citation `patel_characterization_2015' on page 17 undefined on i
nput line 249.


Underfull \vbox (badness 1360) has occurred while \output is active []

 [17]

LaTeX Warning: Citation `chen_atomic_2005' on page 18 undefined on input line 2
52.


LaTeX Warning: Citation `adams_phenix_2010' on page 18 undefined on input line 
252.


LaTeX Warning: Citation `emsley_features_2010' on page 18 undefined on input li
ne 252.


Overfull \hbox (26.87016pt too wide) in paragraph at lines 252--253
\OT1/ptm/m/n/10 Crystallization con-di-tions were screened based on pre-vi-ousl
y solved crys-tal struc-tures for CTX-M-14. Pu-ri-fied P167S/D240G
 []


LaTeX Warning: Reference `tab:ch2-supptable1' on page 18 undefined on input lin
e 256.


LaTeX Warning: Citation `Hart:2016kb' on page 18 undefined on input line 259.


LaTeX Warning: Citation `Hart:2016kb' on page 18 undefined on input line 259.


LaTeX Warning: Citation `Berendsen:1995dd' on page 18 undefined on input line 2
59.


LaTeX Warning: Citation `Abraham:2015gj' on page 18 undefined on input line 259
.


LaTeX Warning: Citation `VanDerSpoel:2005hz' on page 18 undefined on input line
 259.


LaTeX Warning: Citation `Duan:2003gt' on page 18 undefined on input line 259.


LaTeX Warning: Citation `Jorgensen:1983fl' on page 18 undefined on input line 2
59.


LaTeX Warning: Citation `DeLano:2010wf' on page 18 undefined on input line 259.



LaTeX Warning: Citation `sousa_da_silva_acpype_2012' on page 18 undefined on in
put line 259.


LaTeX Warning: Citation `wang_development_2004' on page 18 undefined on input l
ine 259.


LaTeX Warning: Citation `wang_automatic_2006' on page 18 undefined on input lin
e 259.

[18]

LaTeX Warning: No positions in optional float specifier.
               Default added (so using `tbp') on input line 277.

Package atveryend Info: Empty hook `BeforeClearDocument' on input line 366.
[19]
Package atveryend Info: Empty hook `AfterLastShipout' on input line 366.
 (./ch2.aux)
Package atveryend Info: Executing hook `AtVeryEndDocument' on input line 366.
Package atveryend Info: Executing hook `AtEndAfterFileList' on input line 366.
Package rerunfilecheck Info: File `ch2.out' has not changed.
(rerunfilecheck)             Checksum: 5B9790E97F9783083505FB9C967FE0B7;2348.


LaTeX Font Warning: Some font shapes were not available, defaults substituted.


LaTeX Warning: There were undefined references.

 ) 
Here is how much of TeX's memory you used:
 13801 strings out of 480608
 246519 string characters out of 5903631
 514203 words of memory out of 5000000
 29314 multiletter control sequences out of 15000+600000
 569615 words of font info for 133 fonts, out of 8000000 for 9000
 1141 hyphenation exceptions out of 8191
 62i,10n,61p,2512b,732s stack positions out of 5000i,500n,10000p,200000b,80000s
{/usr/local/texlive/2020/texmf-dist/fonts/enc/dvips/base/8r.enc}</usr/local/t
exlive/2020/texmf-dist/fonts/type1/public/amsfonts/cm/cmmi10.pfb></usr/local/te
xlive/2020/texmf-dist/fonts/type1/public/amsfonts/cm/cmmi12.pfb></usr/local/tex
live/2020/texmf-dist/fonts/type1/public/amsfonts/cm/cmmi7.pfb></usr/local/texli
ve/2020/texmf-dist/fonts/type1/public/amsfonts/cm/cmr10.pfb></usr/local/texlive
/2020/texmf-dist/fonts/type1/public/amsfonts/cm/cmr12.pfb></usr/local/texlive/2
020/texmf-dist/fonts/type1/public/amsfonts/cm/cmr7.pfb></usr/local/texlive/2020
/texmf-dist/fonts/type1/public/amsfonts/cm/cmsy10.pfb></usr/local/texlive/2020/
texmf-dist/fonts/type1/public/amsfonts/cm/cmsy7.pfb></usr/local/texlive/2020/te
xmf-dist/fonts/type1/urw/times/utmb8a.pfb></usr/local/texlive/2020/texmf-dist/f
onts/type1/urw/times/utmr8a.pfb></usr/local/texlive/2020/texmf-dist/fonts/type1
/urw/times/utmri8a.pfb>
Output written on ch2.pdf (19 pages, 3254488 bytes).
PDF statistics:
 321 PDF objects out of 1000 (max. 8388607)
 276 compressed objects within 3 object streams
 56 named destinations out of 1000 (max. 500000)
 235 words of extra memory for PDF output out of 10000 (max. 10000000)

