\BOOKMARK [0][-]{chapter.1}{Antagonism between substitutions in -lactamase explains a path not taken in the evolution of bacterial drug resistance}{}% 1
\BOOKMARK [1][-]{section.1.1}{Introduction}{chapter.1}% 2
\BOOKMARK [1][-]{section.1.2}{Results}{chapter.1}% 3
\BOOKMARK [2][-]{subsection.1.2.1}{Ceftazidime resistance levels of P167S/D240G double mutant are reduced compared with single mutants.}{section.1.2}% 4
\BOOKMARK [2][-]{subsection.1.2.2}{Antibiotic hydrolysis by the P167S/D240G double mutant is reduced compared with single mutants.}{section.1.2}% 5
\BOOKMARK [2][-]{subsection.1.2.3}{P167S/D240G double mutant exhibits reduced stability compared with single mutants}{section.1.2}% 6
\BOOKMARK [2][-]{subsection.1.2.4}{Steady-state levels of the P167S/D240G enzyme in E. coli are reduced compared with single mutants.}{section.1.2}% 7
\BOOKMARK [2][-]{subsection.1.2.5}{X-ray structures of P167S/D240G apo, E166A/D240G/CAZ, and E166A/P167S/D240G/CAZ acyl-enzyme complexes reveal alternate conformations of the -loop.}{section.1.2}% 8
\BOOKMARK [2][-]{subsection.1.2.6}{Molecular dynamics simulations reveal that conformational heterogeneity of the -loop is greater in the single mutants than in the WT or double mutant.}{section.1.2}% 9
\BOOKMARK [1][-]{section.1.3}{Discussion}{chapter.1}% 10
\BOOKMARK [1][-]{section.1.4}{Methods}{chapter.1}% 11
\BOOKMARK [2][-]{subsection.1.4.1}{Bacterial strains and plasmids.}{section.1.4}% 12
\BOOKMARK [2][-]{subsection.1.4.2}{Site-directed mutagenesis.}{section.1.4}% 13
\BOOKMARK [2][-]{subsection.1.4.3}{Minimum inhibitory concentration determinations.}{section.1.4}% 14
\BOOKMARK [2][-]{subsection.1.4.4}{Immunoblotting.}{section.1.4}% 15
\BOOKMARK [2][-]{subsection.1.4.5}{Protein purification.}{section.1.4}% 16
\BOOKMARK [2][-]{subsection.1.4.6}{Determination of thermal stabilities.}{section.1.4}% 17
\BOOKMARK [2][-]{subsection.1.4.7}{Steady-state enzyme kinetic parameters.}{section.1.4}% 18
\BOOKMARK [2][-]{subsection.1.4.8}{Protein crystallization and structure determination.}{section.1.4}% 19
\BOOKMARK [2][-]{subsection.1.4.9}{Molecular dynamics simulations.}{section.1.4}% 20
\BOOKMARK [1][-]{section.1.5}{Author contributions}{chapter.1}% 21
\BOOKMARK [1][-]{section.1.6}{Acknowledgments}{chapter.1}% 22
\BOOKMARK [1][-]{section.1.7}{Additional information.}{chapter.1}% 23
